ot_mhd22                                                                       
it   t   dt    h 	m1  	 m2  	e	b1	b2	eb	rhob	bg1	bg2                           
      1  2.00000E-04  2.00000E-04  2.21049E-01 -1.88518E-05  1.89421E-05  3.51340E-01 -4.81194E-05  2.40800E-05  0.00000E+00  0.00000E+00  0.00000E+00  0.00000E+00
      2  4.00000E-04  2.00000E-04  2.21049E-01 -1.88341E-05  1.90145E-05  3.51340E-01 -4.81191E-05  2.40791E-05  0.00000E+00  0.00000E+00  0.00000E+00  0.00000E+00
      3  6.00000E-04  2.00000E-04  2.21048E-01 -1.88167E-05  1.90868E-05  3.51340E-01 -4.81189E-05  2.40783E-05  0.00000E+00  0.00000E+00  0.00000E+00  0.00000E+00
      4  8.00000E-04  2.00000E-04  2.21048E-01 -1.87992E-05  1.91591E-05  3.51340E-01 -4.81187E-05  2.40775E-05  0.00000E+00  0.00000E+00  0.00000E+00  0.00000E+00
      5  1.00000E-03  2.00000E-04  2.21048E-01 -1.87819E-05  1.92313E-05  3.51340E-01 -4.81185E-05  2.40767E-05  0.00000E+00  0.00000E+00  0.00000E+00  0.00000E+00
      6  1.20000E-03  2.00000E-04  2.21048E-01 -1.87646E-05  1.93036E-05  3.51339E-01 -4.81184E-05  2.40759E-05  0.00000E+00  0.00000E+00  0.00000E+00  0.00000E+00
      7  1.40000E-03  2.00000E-04  2.21048E-01 -1.87475E-05  1.93761E-05  3.51339E-01 -4.81184E-05  2.40751E-05  0.00000E+00  0.00000E+00  0.00000E+00  0.00000E+00
      8  1.60000E-03  2.00000E-04  2.21048E-01 -1.87306E-05  1.94487E-05  3.51339E-01 -4.81184E-05  2.40743E-05  0.00000E+00  0.00000E+00  0.00000E+00  0.00000E+00
      9  1.80000E-03  2.00000E-04  2.21048E-01 -1.87138E-05  1.95216E-05  3.51339E-01 -4.81184E-05  2.40735E-05  0.00000E+00  0.00000E+00  0.00000E+00  0.00000E+00
     10  2.00000E-03  2.00000E-04  2.21048E-01 -1.86970E-05  1.95946E-05  3.51338E-01 -4.81186E-05  2.40727E-05  0.00000E+00  0.00000E+00  0.00000E+00  0.00000E+00
     11  2.20000E-03  2.00000E-04  2.21048E-01 -1.86804E-05  1.96678E-05  3.51338E-01 -4.81187E-05  2.40720E-05  0.00000E+00  0.00000E+00  0.00000E+00  0.00000E+00
     12  2.40000E-03  2.00000E-04  2.21048E-01 -1.86637E-05  1.97413E-05  3.51338E-01 -4.81189E-05  2.40712E-05  0.00000E+00  0.00000E+00  0.00000E+00  0.00000E+00
     13  2.60000E-03  2.00000E-04  2.21048E-01 -1.86470E-05  1.98150E-05  3.51337E-01 -4.81192E-05  2.40704E-05  0.00000E+00  0.00000E+00  0.00000E+00  0.00000E+00
     14  2.80000E-03  2.00000E-04  2.21048E-01 -1.86303E-05  1.98889E-05  3.51337E-01 -4.81195E-05  2.40696E-05  0.00000E+00  0.00000E+00  0.00000E+00  0.00000E+00
     15  3.00000E-03  2.00000E-04  2.21047E-01 -1.86136E-05  1.99632E-05  3.51337E-01 -4.81198E-05  2.40688E-05  0.00000E+00  0.00000E+00  0.00000E+00  0.00000E+00
     16  3.20000E-03  2.00000E-04  2.21047E-01 -1.85970E-05  2.00377E-05  3.51336E-01 -4.81202E-05  2.40681E-05  0.00000E+00  0.00000E+00  0.00000E+00  0.00000E+00
     17  3.40000E-03  2.00000E-04  2.21047E-01 -1.85803E-05  2.01125E-05  3.51336E-01 -4.81207E-05  2.40673E-05  0.00000E+00  0.00000E+00  0.00000E+00  0.00000E+00
     18  3.60000E-03  2.00000E-04  2.21047E-01 -1.85637E-05  2.01876E-05  3.51335E-01 -4.81212E-05  2.40665E-05  0.00000E+00  0.00000E+00  0.00000E+00  0.00000E+00
     19  3.80000E-03  2.00000E-04  2.21047E-01 -1.85470E-05  2.02630E-05  3.51334E-01 -4.81218E-05  2.40658E-05  0.00000E+00  0.00000E+00  0.00000E+00  0.00000E+00
     20  4.00000E-03  2.00000E-04  2.21046E-01 -1.85304E-05  2.03388E-05  3.51334E-01 -4.81224E-05  2.40650E-05  0.00000E+00  0.00000E+00  0.00000E+00  0.00000E+00
     21  4.20000E-03  2.00000E-04  2.21046E-01 -1.85138E-05  2.04149E-05  3.51333E-01 -4.81230E-05  2.40643E-05  0.00000E+00  0.00000E+00  0.00000E+00  0.00000E+00
     22  4.40000E-03  2.00000E-04  2.21046E-01 -1.84973E-05  2.04913E-05  3.51332E-01 -4.81235E-05  2.40635E-05  0.00000E+00  0.00000E+00  0.00000E+00  0.00000E+00
     23  4.60000E-03  2.00000E-04  2.21046E-01 -1.84807E-05  2.05680E-05  3.51332E-01 -4.81241E-05  2.40628E-05  0.00000E+00  0.00000E+00  0.00000E+00  0.00000E+00
     24  4.80000E-03  2.00000E-04  2.21045E-01 -1.84640E-05  2.06452E-05  3.51331E-01 -4.81248E-05  2.40620E-05  0.00000E+00  0.00000E+00  0.00000E+00  0.00000E+00
     25  5.00000E-03  2.00000E-04  2.21045E-01 -1.84474E-05  2.07226E-05  3.51330E-01 -4.81254E-05  2.40613E-05  0.00000E+00  0.00000E+00  0.00000E+00  0.00000E+00
     26  5.20000E-03  2.00000E-04  2.21045E-01 -1.84308E-05  2.08004E-05  3.51329E-01 -4.81261E-05  2.40606E-05  0.00000E+00  0.00000E+00  0.00000E+00  0.00000E+00
     27  5.40000E-03  2.00000E-04  2.21045E-01 -1.84142E-05  2.08786E-05  3.51328E-01 -4.81267E-05  2.40598E-05  0.00000E+00  0.00000E+00  0.00000E+00  0.00000E+00
     28  5.60000E-03  2.00000E-04  2.21044E-01 -1.83976E-05  2.09571E-05  3.51327E-01 -4.81274E-05  2.40591E-05  0.00000E+00  0.00000E+00  0.00000E+00  0.00000E+00
     29  5.80000E-03  2.00000E-04  2.21044E-01 -1.83810E-05  2.10359E-05  3.51327E-01 -4.81281E-05  2.40585E-05  0.00000E+00  0.00000E+00  0.00000E+00  0.00000E+00
     30  6.00000E-03  2.00000E-04  2.21044E-01 -1.83644E-05  2.11150E-05  3.51326E-01 -4.81288E-05  2.40578E-05  0.00000E+00  0.00000E+00  0.00000E+00  0.00000E+00
     31  6.20000E-03  2.00000E-04  2.21043E-01 -1.83479E-05  2.11945E-05  3.51324E-01 -4.81295E-05  2.40571E-05  0.00000E+00  0.00000E+00  0.00000E+00  0.00000E+00
     32  6.40000E-03  2.00000E-04  2.21043E-01 -1.83314E-05  2.12742E-05  3.51323E-01 -4.81301E-05  2.40564E-05  0.00000E+00  0.00000E+00  0.00000E+00  0.00000E+00
     33  6.60000E-03  2.00000E-04  2.21042E-01 -1.83149E-05  2.13543E-05  3.51322E-01 -4.81308E-05  2.40558E-05  0.00000E+00  0.00000E+00  0.00000E+00  0.00000E+00
     34  6.80000E-03  2.00000E-04  2.21042E-01 -1.82985E-05  2.14347E-05  3.51321E-01 -4.81314E-05  2.40551E-05  0.00000E+00  0.00000E+00  0.00000E+00  0.00000E+00
     35  7.00000E-03  2.00000E-04  2.21042E-01 -1.82821E-05  2.15154E-05  3.51320E-01 -4.81321E-05  2.40545E-05  0.00000E+00  0.00000E+00  0.00000E+00  0.00000E+00
     36  7.20000E-03  2.00000E-04  2.21041E-01 -1.82658E-05  2.15965E-05  3.51319E-01 -4.81327E-05  2.40539E-05  0.00000E+00  0.00000E+00  0.00000E+00  0.00000E+00
     37  7.40000E-03  2.00000E-04  2.21041E-01 -1.82495E-05  2.16778E-05  3.51317E-01 -4.81334E-05  2.40532E-05  0.00000E+00  0.00000E+00  0.00000E+00  0.00000E+00
     38  7.60000E-03  2.00000E-04  2.21040E-01 -1.82332E-05  2.17595E-05  3.51316E-01 -4.81340E-05  2.40526E-05  0.00000E+00  0.00000E+00  0.00000E+00  0.00000E+00
     39  7.80000E-03  2.00000E-04  2.21040E-01 -1.82169E-05  2.18416E-05  3.51315E-01 -4.81348E-05  2.40520E-05  0.00000E+00  0.00000E+00  0.00000E+00  0.00000E+00
     40  8.00000E-03  2.00000E-04  2.21039E-01 -1.82007E-05  2.19241E-05  3.51313E-01 -4.81356E-05  2.40513E-05  0.00000E+00  0.00000E+00  0.00000E+00  0.00000E+00
     41  8.20000E-03  2.00000E-04  2.21039E-01 -1.81844E-05  2.20069E-05  3.51312E-01 -4.81366E-05  2.40507E-05  0.00000E+00  0.00000E+00  0.00000E+00  0.00000E+00
     42  8.40000E-03  2.00000E-04  2.21038E-01 -1.81681E-05  2.20901E-05  3.51310E-01 -4.81376E-05  2.40500E-05  0.00000E+00  0.00000E+00  0.00000E+00  0.00000E+00
     43  8.60000E-03  2.00000E-04  2.21038E-01 -1.81518E-05  2.21737E-05  3.51309E-01 -4.81388E-05  2.40493E-05  0.00000E+00  0.00000E+00  0.00000E+00  0.00000E+00
     44  8.80000E-03  2.00000E-04  2.21037E-01 -1.81354E-05  2.22576E-05  3.51307E-01 -4.81400E-05  2.40486E-05  0.00000E+00  0.00000E+00  0.00000E+00  0.00000E+00
     45  9.00000E-03  2.00000E-04  2.21037E-01 -1.81191E-05  2.23419E-05  3.51305E-01 -4.81414E-05  2.40478E-05  0.00000E+00  0.00000E+00  0.00000E+00  0.00000E+00
     46  9.20000E-03  2.00000E-04  2.21036E-01 -1.81028E-05  2.24266E-05  3.51304E-01 -4.81429E-05  2.40470E-05  0.00000E+00  0.00000E+00  0.00000E+00  0.00000E+00
     47  9.40000E-03  2.00000E-04  2.21035E-01 -1.80865E-05  2.25116E-05  3.51302E-01 -4.81444E-05  2.40462E-05  0.00000E+00  0.00000E+00  0.00000E+00  0.00000E+00
     48  9.60000E-03  2.00000E-04  2.21035E-01 -1.80703E-05  2.25970E-05  3.51300E-01 -4.81459E-05  2.40454E-05  0.00000E+00  0.00000E+00  0.00000E+00  0.00000E+00
     49  9.80000E-03  2.00000E-04  2.21034E-01 -1.80541E-05  2.26827E-05  3.51299E-01 -4.81476E-05  2.40445E-05  0.00000E+00  0.00000E+00  0.00000E+00  0.00000E+00
     50  1.00000E-02  2.00000E-04  2.21034E-01 -1.80379E-05  2.27687E-05  3.51297E-01 -4.81493E-05  2.40437E-05  0.00000E+00  0.00000E+00  0.00000E+00  0.00000E+00
     51  1.02000E-02  2.00000E-04  2.21033E-01 -1.80218E-05  2.28551E-05  3.51295E-01 -4.81510E-05  2.40428E-05  0.00000E+00  0.00000E+00  0.00000E+00  0.00000E+00
     52  1.04000E-02  2.00000E-04  2.21032E-01 -1.80057E-05  2.29417E-05  3.51293E-01 -4.81527E-05  2.40419E-05  0.00000E+00  0.00000E+00  0.00000E+00  0.00000E+00
     53  1.06000E-02  2.00000E-04  2.21032E-01 -1.79897E-05  2.30286E-05  3.51291E-01 -4.81544E-05  2.40410E-05  0.00000E+00  0.00000E+00  0.00000E+00  0.00000E+00
     54  1.08000E-02  2.00000E-04  2.21031E-01 -1.79737E-05  2.31159E-05  3.51289E-01 -4.81561E-05  2.40402E-05  0.00000E+00  0.00000E+00  0.00000E+00  0.00000E+00
     55  1.10000E-02  2.00000E-04  2.21030E-01 -1.79579E-05  2.32034E-05  3.51287E-01 -4.81578E-05  2.40393E-05  0.00000E+00  0.00000E+00  0.00000E+00  0.00000E+00
     56  1.12000E-02  2.00000E-04  2.21029E-01 -1.79422E-05  2.32912E-05  3.51285E-01 -4.81596E-05  2.40383E-05  0.00000E+00  0.00000E+00  0.00000E+00  0.00000E+00
     57  1.14000E-02  2.00000E-04  2.21029E-01 -1.79265E-05  2.33793E-05  3.51282E-01 -4.81614E-05  2.40374E-05  0.00000E+00  0.00000E+00  0.00000E+00  0.00000E+00
     58  1.16000E-02  2.00000E-04  2.21028E-01 -1.79109E-05  2.34677E-05  3.51280E-01 -4.81633E-05  2.40365E-05  0.00000E+00  0.00000E+00  0.00000E+00  0.00000E+00
     59  1.18000E-02  2.00000E-04  2.21027E-01 -1.78954E-05  2.35563E-05  3.51278E-01 -4.81651E-05  2.40356E-05  0.00000E+00  0.00000E+00  0.00000E+00  0.00000E+00
     60  1.20000E-02  2.00000E-04  2.21026E-01 -1.78800E-05  2.36451E-05  3.51275E-01 -4.81670E-05  2.40347E-05  0.00000E+00  0.00000E+00  0.00000E+00  0.00000E+00
     61  1.22000E-02  2.00000E-04  2.21026E-01 -1.78646E-05  2.37341E-05  3.51273E-01 -4.81689E-05  2.40338E-05  0.00000E+00  0.00000E+00  0.00000E+00  0.00000E+00
     62  1.24000E-02  2.00000E-04  2.21025E-01 -1.78494E-05  2.38234E-05  3.51271E-01 -4.81708E-05  2.40328E-05  0.00000E+00  0.00000E+00  0.00000E+00  0.00000E+00
     63  1.26000E-02  2.00000E-04  2.21024E-01 -1.78342E-05  2.39129E-05  3.51268E-01 -4.81727E-05  2.40319E-05  0.00000E+00  0.00000E+00  0.00000E+00  0.00000E+00
     64  1.28000E-02  2.00000E-04  2.21023E-01 -1.78192E-05  2.40026E-05  3.51266E-01 -4.81746E-05  2.40310E-05  0.00000E+00  0.00000E+00  0.00000E+00  0.00000E+00
     65  1.30000E-02  2.00000E-04  2.21022E-01 -1.78042E-05  2.40925E-05  3.51263E-01 -4.81765E-05  2.40300E-05  0.00000E+00  0.00000E+00  0.00000E+00  0.00000E+00
     66  1.32000E-02  2.00000E-04  2.21021E-01 -1.77892E-05  2.41826E-05  3.51260E-01 -4.81784E-05  2.40291E-05  0.00000E+00  0.00000E+00  0.00000E+00  0.00000E+00
     67  1.34000E-02  2.00000E-04  2.21020E-01 -1.77743E-05  2.42728E-05  3.51258E-01 -4.81803E-05  2.40282E-05  0.00000E+00  0.00000E+00  0.00000E+00  0.00000E+00
     68  1.36000E-02  2.00000E-04  2.21019E-01 -1.77595E-05  2.43631E-05  3.51255E-01 -4.81822E-05  2.40272E-05  0.00000E+00  0.00000E+00  0.00000E+00  0.00000E+00
     69  1.38000E-02  2.00000E-04  2.21018E-01 -1.77448E-05  2.44536E-05  3.51252E-01 -4.81840E-05  2.40263E-05  0.00000E+00  0.00000E+00  0.00000E+00  0.00000E+00
     70  1.40000E-02  2.00000E-04  2.21017E-01 -1.77303E-05  2.45442E-05  3.51249E-01 -4.81859E-05  2.40253E-05  0.00000E+00  0.00000E+00  0.00000E+00  0.00000E+00
     71  1.42000E-02  2.00000E-04  2.21016E-01 -1.77158E-05  2.46349E-05  3.51247E-01 -4.81877E-05  2.40243E-05  0.00000E+00  0.00000E+00  0.00000E+00  0.00000E+00
     72  1.44000E-02  2.00000E-04  2.21015E-01 -1.77014E-05  2.47258E-05  3.51244E-01 -4.81895E-05  2.40234E-05  0.00000E+00  0.00000E+00  0.00000E+00  0.00000E+00
     73  1.46000E-02  2.00000E-04  2.21014E-01 -1.76872E-05  2.48167E-05  3.51241E-01 -4.81913E-05  2.40224E-05  0.00000E+00  0.00000E+00  0.00000E+00  0.00000E+00
     74  1.48000E-02  2.00000E-04  2.21013E-01 -1.76730E-05  2.49078E-05  3.51238E-01 -4.81931E-05  2.40214E-05  0.00000E+00  0.00000E+00  0.00000E+00  0.00000E+00
     75  1.50000E-02  2.00000E-04  2.21012E-01 -1.76589E-05  2.49990E-05  3.51235E-01 -4.81948E-05  2.40204E-05  0.00000E+00  0.00000E+00  0.00000E+00  0.00000E+00
     76  1.52000E-02  2.00000E-04  2.21011E-01 -1.76450E-05  2.50903E-05  3.51232E-01 -4.81964E-05  2.40194E-05  0.00000E+00  0.00000E+00  0.00000E+00  0.00000E+00
     77  1.54000E-02  2.00000E-04  2.21010E-01 -1.76311E-05  2.51817E-05  3.51228E-01 -4.81980E-05  2.40184E-05  0.00000E+00  0.00000E+00  0.00000E+00  0.00000E+00
     78  1.56000E-02  2.00000E-04  2.21009E-01 -1.76173E-05  2.52732E-05  3.51225E-01 -4.81996E-05  2.40173E-05  0.00000E+00  0.00000E+00  0.00000E+00  0.00000E+00
     79  1.58000E-02  2.00000E-04  2.21008E-01 -1.76037E-05  2.53647E-05  3.51222E-01 -4.82011E-05  2.40163E-05  0.00000E+00  0.00000E+00  0.00000E+00  0.00000E+00
     80  1.60000E-02  2.00000E-04  2.21007E-01 -1.75902E-05  2.54563E-05  3.51219E-01 -4.82025E-05  2.40153E-05  0.00000E+00  0.00000E+00  0.00000E+00  0.00000E+00
     81  1.62000E-02  2.00000E-04  2.21006E-01 -1.75767E-05  2.55479E-05  3.51215E-01 -4.82039E-05  2.40142E-05  0.00000E+00  0.00000E+00  0.00000E+00  0.00000E+00
     82  1.64000E-02  2.00000E-04  2.21005E-01 -1.75634E-05  2.56396E-05  3.51212E-01 -4.82052E-05  2.40132E-05  0.00000E+00  0.00000E+00  0.00000E+00  0.00000E+00
     83  1.66000E-02  2.00000E-04  2.21003E-01 -1.75502E-05  2.57314E-05  3.51208E-01 -4.82065E-05  2.40122E-05  0.00000E+00  0.00000E+00  0.00000E+00  0.00000E+00
     84  1.68000E-02  2.00000E-04  2.21002E-01 -1.75371E-05  2.58232E-05  3.51205E-01 -4.82077E-05  2.40111E-05  0.00000E+00  0.00000E+00  0.00000E+00  0.00000E+00
     85  1.70000E-02  2.00000E-04  2.21001E-01 -1.75241E-05  2.59150E-05  3.51201E-01 -4.82088E-05  2.40100E-05  0.00000E+00  0.00000E+00  0.00000E+00  0.00000E+00
     86  1.72000E-02  2.00000E-04  2.21000E-01 -1.75112E-05  2.60069E-05  3.51198E-01 -4.82099E-05  2.40089E-05  0.00000E+00  0.00000E+00  0.00000E+00  0.00000E+00
     87  1.74000E-02  2.00000E-04  2.20998E-01 -1.74985E-05  2.60988E-05  3.51194E-01 -4.82109E-05  2.40078E-05  0.00000E+00  0.00000E+00  0.00000E+00  0.00000E+00
     88  1.76000E-02  2.00000E-04  2.20997E-01 -1.74859E-05  2.61906E-05  3.51190E-01 -4.82118E-05  2.40067E-05  0.00000E+00  0.00000E+00  0.00000E+00  0.00000E+00
     89  1.78000E-02  2.00000E-04  2.20996E-01 -1.74734E-05  2.62825E-05  3.51186E-01 -4.82127E-05  2.40056E-05  0.00000E+00  0.00000E+00  0.00000E+00  0.00000E+00
     90  1.80000E-02  2.00000E-04  2.20995E-01 -1.74611E-05  2.63744E-05  3.51183E-01 -4.82134E-05  2.40045E-05  0.00000E+00  0.00000E+00  0.00000E+00  0.00000E+00
     91  1.82000E-02  2.00000E-04  2.20993E-01 -1.74488E-05  2.64663E-05  3.51179E-01 -4.82141E-05  2.40033E-05  0.00000E+00  0.00000E+00  0.00000E+00  0.00000E+00
     92  1.84000E-02  2.00000E-04  2.20992E-01 -1.74366E-05  2.65580E-05  3.51175E-01 -4.82146E-05  2.40022E-05  0.00000E+00  0.00000E+00  0.00000E+00  0.00000E+00
     93  1.86000E-02  2.00000E-04  2.20991E-01 -1.74245E-05  2.66497E-05  3.51171E-01 -4.82151E-05  2.40010E-05  0.00000E+00  0.00000E+00  0.00000E+00  0.00000E+00
     94  1.88000E-02  2.00000E-04  2.20989E-01 -1.74125E-05  2.67414E-05  3.51167E-01 -4.82155E-05  2.39998E-05  0.00000E+00  0.00000E+00  0.00000E+00  0.00000E+00
     95  1.90000E-02  2.00000E-04  2.20988E-01 -1.74006E-05  2.68332E-05  3.51163E-01 -4.82158E-05  2.39986E-05  0.00000E+00  0.00000E+00  0.00000E+00  0.00000E+00
     96  1.92000E-02  2.00000E-04  2.20986E-01 -1.73888E-05  2.69250E-05  3.51158E-01 -4.82159E-05  2.39974E-05  0.00000E+00  0.00000E+00  0.00000E+00  0.00000E+00
     97  1.94000E-02  2.00000E-04  2.20985E-01 -1.73772E-05  2.70168E-05  3.51154E-01 -4.82160E-05  2.39961E-05  0.00000E+00  0.00000E+00  0.00000E+00  0.00000E+00
     98  1.96000E-02  2.00000E-04  2.20984E-01 -1.73658E-05  2.71086E-05  3.51150E-01 -4.82160E-05  2.39949E-05  0.00000E+00  0.00000E+00  0.00000E+00  0.00000E+00
     99  1.98000E-02  2.00000E-04  2.20982E-01 -1.73545E-05  2.72003E-05  3.51146E-01 -4.82158E-05  2.39937E-05  0.00000E+00  0.00000E+00  0.00000E+00  0.00000E+00
    100  2.00000E-02  2.00000E-04  2.20981E-01 -1.73433E-05  2.72920E-05  3.51141E-01 -4.82155E-05  2.39924E-05  0.00000E+00  0.00000E+00  0.00000E+00  0.00000E+00
    101  2.02000E-02  2.00000E-04  2.20979E-01 -1.73323E-05  2.73836E-05  3.51137E-01 -4.82152E-05  2.39912E-05  0.00000E+00  0.00000E+00  0.00000E+00  0.00000E+00
